<?xml version="1.0" encoding="UTF-8"?>
<!-- Generated by org.testng.reporters.JUnitReportReporter -->
<testsuite hostname="shaoqiongdeMacBook-Pro.local" name="wu.shao.qiong.have.a.Dog.BeautifulQiong" tests="1" failures="0" timestamp="25 Jul 2017 15:53:44 GMT" time="0.020" errors="0">
  <testcase name="f" time="0.020" classname="wu.shao.qiong.have.a.Dog.BeautifulQiong"/>
</testsuite> <!-- wu.shao.qiong.have.a.Dog.BeautifulQiong -->
